<?xml version="1.0" encoding="UTF-8"?>
<testng-results ignored="0" total="2" passed="2" failed="0" skipped="0">
  <reporter-output>
  </reporter-output>
  <suite started-at="2023-07-23T18:10:52 IST" name="Suite" finished-at="2023-07-23T18:10:59 IST" duration-ms="7158">
    <groups>
    </groups>
    <test started-at="2023-07-23T18:10:52 IST" name="Test1" finished-at="2023-07-23T18:10:58 IST" duration-ms="5725">
      <class name="kDataShare.rCreateBookingUsingITestContextbygetsuite">
        <test-method signature="CreateBooking(org.testng.ITestContext)[pri:0, instance:kDataShare.rCreateBookingUsingITestContextbygetsuite@74751b3]" started-at="2023-07-23T18:10:52 IST" name="CreateBooking" finished-at="2023-07-23T18:10:58 IST" duration-ms="5644" status="PASS">
          <params>
            <param index="0">
              <value>
                <![CDATA[org.testng.TestRunner@71075444]]>
              </value>
            </param>
          </params>
          <reporter-output>
          </reporter-output>
        </test-method> <!-- CreateBooking -->
      </class> <!-- kDataShare.rCreateBookingUsingITestContextbygetsuite -->
    </test> <!-- Test1 -->
    <test started-at="2023-07-23T18:10:58 IST" name="Test2" finished-at="2023-07-23T18:10:59 IST" duration-ms="1321">
      <class name="kDataShare.sGetBookingDetailsUsingITestContext2bygetsuite">
        <test-method signature="getBooking(org.testng.ITestContext)[pri:0, instance:kDataShare.sGetBookingDetailsUsingITestContext2bygetsuite@2e3967ea]" started-at="2023-07-23T18:10:58 IST" name="getBooking" finished-at="2023-07-23T18:10:59 IST" duration-ms="1314" status="PASS">
          <params>
            <param index="0">
              <value>
                <![CDATA[org.testng.TestRunner@73894c5a]]>
              </value>
            </param>
          </params>
          <reporter-output>
          </reporter-output>
        </test-method> <!-- getBooking -->
      </class> <!-- kDataShare.sGetBookingDetailsUsingITestContext2bygetsuite -->
    </test> <!-- Test2 -->
  </suite> <!-- Suite -->
</testng-results>
