<?xml version="1.0" encoding="UTF-8"?>
<testng-results ignored="0" total="1" passed="1" failed="0" skipped="0">
  <reporter-output>
  </reporter-output>
  <suite started-at="2023-07-12T10:00:36 IST" name="Default suite" finished-at="2023-07-12T10:00:39 IST" duration-ms="3609">
    <groups>
    </groups>
    <test started-at="2023-07-12T10:00:36 IST" name="Default test" finished-at="2023-07-12T10:00:39 IST" duration-ms="3609">
      <class name="json.dJsonPathforNestedJsonObject">
        <test-method signature="jsonpathdemo1()[pri:0, instance:json.dJsonPathforNestedJsonObject@5562c41e]" started-at="2023-07-12T10:00:36 IST" name="jsonpathdemo1" finished-at="2023-07-12T10:00:39 IST" duration-ms="3451" status="PASS">
          <reporter-output>
          </reporter-output>
        </test-method> <!-- jsonpathdemo1 -->
      </class> <!-- json.dJsonPathforNestedJsonObject -->
    </test> <!-- Default test -->
  </suite> <!-- Default suite -->
</testng-results>
