<?xml version="1.0" encoding="UTF-8"?>
<!-- Generated by org.testng.reporters.JUnitXMLReporter -->
<testsuite ignored="0" hostname="LAPTOP-BH9IM1PN" failures="0" tests="3" name="Test" time="6.414" errors="0" timestamp="2023-07-09T10:34:37 IST">
  <testcase classname="OtherConceptsOfRestAssured.DefaultValue2" name="createBooking1" time="3.091"/>
  <testcase classname="OtherConceptsOfRestAssured.DefaultValue1" name="createBooking1" time="1.138"/>
  <testcase classname="OtherConceptsOfRestAssured.DefaultValue1" name="createBooking2" time="1.127"/>
</testsuite> <!-- Test -->
